<?xml version="1.0" encoding="UTF-8"?>
<testsuite name="com.adyen.demo.RandomTesting.service.PatientSubCollectionServiceTest" tests="4" skipped="0" failures="0" errors="0" timestamp="2026-03-24T15:08:28.644Z" hostname="Mac" time="0.004">
  <properties/>
  <testcase name="addName_patientExists_addsNameAndSaves()" classname="com.adyen.demo.RandomTesting.service.PatientSubCollectionServiceTest" time="0.001"/>
  <testcase name="removeName_patientExists_removesNameAndSaves()" classname="com.adyen.demo.RandomTesting.service.PatientSubCollectionServiceTest" time="0.001"/>
  <testcase name="addName_patientNotFound_returnsNull()" classname="com.adyen.demo.RandomTesting.service.PatientSubCollectionServiceTest" time="0.001"/>
  <testcase name="removeName_patientNotFound_returnsNull()" classname="com.adyen.demo.RandomTesting.service.PatientSubCollectionServiceTest" time="0.001"/>
  <system-out><![CDATA[]]></system-out>
  <system-err><![CDATA[]]></system-err>
</testsuite>
