<?xml version="1.0" encoding="UTF-8"?>
<testsuite name="com.adyen.demo.RandomTesting.service.PatientMapperAgeTest" tests="2" skipped="0" failures="0" errors="0" timestamp="2026-03-24T15:08:28.634Z" hostname="Mac" time="0.002">
  <properties/>
  <testcase name="toPatientEntity_noBirthDate_ageDefaultsToZero()" classname="com.adyen.demo.RandomTesting.service.PatientMapperAgeTest" time="0.001"/>
  <testcase name="toPatientEntity_futureBirthDate_throwsIllegalArgumentException()" classname="com.adyen.demo.RandomTesting.service.PatientMapperAgeTest" time="0.001"/>
  <system-out><![CDATA[]]></system-out>
  <system-err><![CDATA[]]></system-err>
</testsuite>
