<?xml version="1.0" encoding="UTF-8"?>
<testsuite name="com.adyen.demo.RandomTesting.service.PatientSyncServiceTest" tests="4" skipped="0" failures="0" errors="0" timestamp="2026-03-24T15:08:28.648Z" hostname="Mac" time="0.009">
  <properties/>
  <testcase name="syncPatientFromFhir_dataIntegrityViolation_returnsExistingRow()" classname="com.adyen.demo.RandomTesting.service.PatientSyncServiceTest" time="0.005"/>
  <testcase name="syncPatientFromFhir_fhirClientThrows_propagatesResourceNotFoundException()" classname="com.adyen.demo.RandomTesting.service.PatientSyncServiceTest" time="0.001"/>
  <testcase name="syncPatientFromFhir_newPatient_createsNewEntity()" classname="com.adyen.demo.RandomTesting.service.PatientSyncServiceTest" time="0.001"/>
  <testcase name="syncPatientFromFhir_existingPatient_readsAndPersistsMappedEntity()" classname="com.adyen.demo.RandomTesting.service.PatientSyncServiceTest" time="0.001"/>
  <system-out><![CDATA[]]></system-out>
  <system-err><![CDATA[]]></system-err>
</testsuite>
