<?xml version="1.0" encoding="UTF-8"?>
<testsuite name="com.adyen.demo.RandomTesting.service.PatientMapperScalarTest" tests="7" skipped="0" failures="0" errors="0" timestamp="2026-03-24T15:08:28.636Z" hostname="Mac" time="0.006">
  <properties/>
  <testcase name="toPatientEntity_fhirIdWithoutPrefix_usedAsIs()" classname="com.adyen.demo.RandomTesting.service.PatientMapperScalarTest" time="0.0"/>
  <testcase name="toPatientEntity_noFamilyName_doesNotThrowAndFamilyIsNull()" classname="com.adyen.demo.RandomTesting.service.PatientMapperScalarTest" time="0.002"/>
  <testcase name="toPatientEntity_nullNameUse_useIsNull()" classname="com.adyen.demo.RandomTesting.service.PatientMapperScalarTest" time="0.001"/>
  <testcase name="toPatientEntity_fhirIdWithPrefix_stripsPrefix()" classname="com.adyen.demo.RandomTesting.service.PatientMapperScalarTest" time="0.0"/>
  <testcase name="toPatientEntity_noNames_namesListIsEmptyAndNameIsNull()" classname="com.adyen.demo.RandomTesting.service.PatientMapperScalarTest" time="0.0"/>
  <testcase name="toPatientEntity_multipleGivenNames_joinedWithSpace()" classname="com.adyen.demo.RandomTesting.service.PatientMapperScalarTest" time="0.0"/>
  <testcase name="toPatientEntity_copiesAllScalarAndCollectionFields()" classname="com.adyen.demo.RandomTesting.service.PatientMapperScalarTest" time="0.0"/>
  <system-out><![CDATA[]]></system-out>
  <system-err><![CDATA[]]></system-err>
</testsuite>
