<?xml version="1.0" encoding="UTF-8"?>
<testsuite name="com.adyen.demo.DemoApplicationTests" tests="1" skipped="0" failures="0" errors="0" timestamp="2026-03-24T15:08:17.171Z" hostname="Mac" time="1.674">
  <properties/>
  <testcase name="contextLoads()" classname="com.adyen.demo.DemoApplicationTests" time="0.213"/>
  <system-out><![CDATA[16:08:17.210 [Test worker] INFO org.springframework.test.context.support.AnnotationConfigContextLoaderUtils -- Could not detect default configuration classes for test class [com.adyen.demo.DemoApplicationTests]: DemoApplicationTests does not declare any static, non-private, non-final, nested classes annotated with @Configuration.
16:08:17.243 [Test worker] INFO org.springframework.boot.test.context.SpringBootTestContextBootstrapper -- Found @SpringBootConfiguration com.adyen.demo.DemoApplication for test class com.adyen.demo.DemoApplicationTests

  .   ____          _            __ _ _
 /\\ / ___'_ __ _ _(_)_ __  __ _ \ \ \ \
( ( )\___ | '_ | '_| | '_ \/ _` | \ \ \ \
 \\/  ___)| |_)| | | | | || (_| |  ) ) ) )
  '  |____| .__|_| |_|_| |_\__, | / / / /
 =========|_|==============|___/=/_/_/_/

 :: Spring Boot ::                (v4.0.3)

2026-03-24T16:08:17.359+01:00  INFO 63264 --- [    Test worker] com.adyen.demo.DemoApplicationTests      : Starting DemoApplicationTests using Java 21.0.8 with PID 63264 (started by bvangene in /Users/bvangene/Documents/project_fhir_server)
2026-03-24T16:08:17.359+01:00  INFO 63264 --- [    Test worker] com.adyen.demo.DemoApplicationTests      : No active profile set, falling back to 1 default profile: "default"
2026-03-24T16:08:17.548+01:00  INFO 63264 --- [    Test worker] .s.d.r.c.RepositoryConfigurationDelegate : Bootstrapping Spring Data JPA repositories in DEFAULT mode.
2026-03-24T16:08:17.563+01:00  INFO 63264 --- [    Test worker] .s.d.r.c.RepositoryConfigurationDelegate : Finished Spring Data repository scanning in 12 ms. Found 1 JPA repository interface.
2026-03-24T16:08:17.690+01:00  INFO 63264 --- [    Test worker] org.hibernate.orm.jpa                    : HHH008540: Processing PersistenceUnitInfo [name: default]
2026-03-24T16:08:17.714+01:00  INFO 63264 --- [    Test worker] org.hibernate.orm.core                   : HHH000001: Hibernate ORM core version 7.2.4.Final
2026-03-24T16:08:17.855+01:00  INFO 63264 --- [    Test worker] o.s.o.j.p.SpringPersistenceUnitInfo      : No LoadTimeWeaver setup: ignoring JPA class transformer
2026-03-24T16:08:17.866+01:00  INFO 63264 --- [    Test worker] com.zaxxer.hikari.HikariDataSource       : HikariPool-1 - Starting...
2026-03-24T16:08:17.926+01:00  INFO 63264 --- [    Test worker] com.zaxxer.hikari.pool.HikariPool        : HikariPool-1 - Added connection conn0: url=jdbc:h2:mem:testdb user=SA
2026-03-24T16:08:17.926+01:00  INFO 63264 --- [    Test worker] com.zaxxer.hikari.HikariDataSource       : HikariPool-1 - Start completed.
2026-03-24T16:08:17.947+01:00  INFO 63264 --- [    Test worker] org.hibernate.orm.connections.pooling    : HHH10001005: Database info:
	Database JDBC URL [jdbc:h2:mem:testdb]
	Database driver: H2 JDBC Driver
	Database dialect: H2Dialect
	Database version: 2.4.240
	Default catalog/schema: TESTDB/PUBLIC
	Autocommit mode: undefined/unknown
	Isolation level: READ_COMMITTED [default READ_COMMITTED]
	JDBC fetch size: 100
	Pool: DataSourceConnectionProvider
	Minimum pool size: undefined/unknown
	Maximum pool size: undefined/unknown
2026-03-24T16:08:18.283+01:00  INFO 63264 --- [    Test worker] org.hibernate.orm.core                   : HHH000489: No JTA platform available (set 'hibernate.transaction.jta.platform' to enable JTA platform integration)
Hibernate: drop table if exists internal_patient cascade 
Hibernate: drop table if exists patient_addresses cascade 
Hibernate: drop table if exists patient_names cascade 
Hibernate: drop table if exists patient_phone_numbers cascade 
Hibernate: create table internal_patient (age integer not null check ((age<=150) and (age>=0)), id bigint generated by default as identity, version bigint not null, fhir_id varchar(255) unique, name varchar(255), primary key (id))
Hibernate: create table patient_addresses (patient_id bigint not null, city varchar(255), country varchar(255), line varchar(255), postal_code varchar(255), use varchar(255))
Hibernate: create table patient_names (patient_id bigint not null, family varchar(255), given varchar(255), use varchar(255))
Hibernate: create table patient_phone_numbers (patient_id bigint not null, phone_value varchar(255), system varchar(255), use varchar(255))
Hibernate: alter table if exists patient_addresses add constraint FKsu2ilbxtnvouda3empaaswgfr foreign key (patient_id) references internal_patient
Hibernate: alter table if exists patient_names add constraint FKacfse78lwmcrqgnv1tq95qa7 foreign key (patient_id) references internal_patient
Hibernate: alter table if exists patient_phone_numbers add constraint FKp9hp6cuarc6rnw7vvid5qhi0n foreign key (patient_id) references internal_patient
2026-03-24T16:08:18.301+01:00  INFO 63264 --- [    Test worker] j.LocalContainerEntityManagerFactoryBean : Initialized JPA EntityManagerFactory for persistence unit 'default'
2026-03-24T16:08:18.329+01:00  INFO 63264 --- [    Test worker] o.s.d.j.r.query.QueryEnhancerFactories   : Hibernate is in classpath; If applicable, HQL parser will be used.
2026-03-24T16:08:18.383+01:00  INFO 63264 --- [    Test worker] ca.uhn.fhir.util.VersionUtil             : HAPI FHIR version 6.10.0 - Rev f678747972
2026-03-24T16:08:18.385+01:00  INFO 63264 --- [    Test worker] ca.uhn.fhir.context.FhirContext          : Creating new FHIR context for FHIR version [R4]
2026-03-24T16:08:18.455+01:00  INFO 63264 --- [    Test worker] ca.uhn.fhir.util.XmlUtil                 : Unable to determine StAX implementation: java.xml/META-INF/MANIFEST.MF not found
2026-03-24T16:08:18.515+01:00  WARN 63264 --- [    Test worker] JpaBaseConfiguration$JpaWebConfiguration : spring.jpa.open-in-view is enabled by default. Therefore, database queries may be performed during view rendering. Explicitly configure spring.jpa.open-in-view to disable this warning
2026-03-24T16:08:18.628+01:00  INFO 63264 --- [    Test worker] com.adyen.demo.DemoApplicationTests      : Started DemoApplicationTests in 1.338 seconds (process running for 1.748)
]]></system-out>
  <system-err><![CDATA[Mockito is currently self-attaching to enable the inline-mock-maker. This will no longer work in future releases of the JDK. Please add Mockito as an agent to your build as described in Mockito's documentation: https://javadoc.io/doc/org.mockito/mockito-core/latest/org.mockito/org/mockito/Mockito.html#0.3
WARNING: A Java agent has been loaded dynamically (/Users/bvangene/.gradle/caches/modules-2/files-2.1/net.bytebuddy/byte-buddy-agent/1.17.8/f09415827a71be7ed621c7bd02550678f28bc81c/byte-buddy-agent-1.17.8.jar)
WARNING: If a serviceability tool is in use, please run with -XX:+EnableDynamicAgentLoading to hide this warning
WARNING: If a serviceability tool is not in use, please run with -Djdk.instrument.traceUsage for more information
WARNING: Dynamic loading of agents will be disallowed by default in a future release
]]></system-err>
</testsuite>
